<?xml version="1.0" encoding="UTF-8"?>
<!-- Generated by org.testng.reporters.JUnitReportReporter -->
<testsuite hostname="User" failures="0" tests="2" name="qaclickacademy.AppiumTest" time="0.019" errors="0" timestamp="2019-12-02T22:39:54 GMT" skipped="0">
  <testcase classname="qaclickacademy.AppiumTest" name="Mobile" time="0.000"/>
  <testcase classname="qaclickacademy.AppiumTest" name="Iphone" time="0.019"/>
</testsuite> <!-- qaclickacademy.AppiumTest -->
