<?xml version="1.0" encoding="UTF-8"?>
<!-- Generated by org.testng.reporters.JUnitReportReporter -->
<testsuite hostname="User" failures="0" tests="2" name="qaclickacademy.TestNGTest" time="0.002" errors="0" timestamp="2019-12-02T22:40:35 GMT" skipped="0">
  <testcase classname="qaclickacademy.TestNGTest" name="Credit" time="0.001"/>
  <testcase classname="qaclickacademy.TestNGTest" name="Loan" time="0.001"/>
</testsuite> <!-- qaclickacademy.TestNGTest -->
