<?xml version="1.0" encoding="UTF-8"?>
<!-- Generated by org.testng.reporters.JUnitReportReporter -->
<testsuite hostname="User" failures="0" tests="2" name="qaclickacademy.SeleniumTest" time="0.027" errors="0" timestamp="2019-12-02T22:40:35 GMT" skipped="0">
  <testcase classname="qaclickacademy.SeleniumTest" name="Elements" time="0.000"/>
  <testcase classname="qaclickacademy.SeleniumTest" name="Browser" time="0.027"/>
</testsuite> <!-- qaclickacademy.SeleniumTest -->
